<?xml version="1.0" encoding="UTF-8"?>
<!-- Generated by org.testng.reporters.JUnitXMLReporter -->
<testsuite hostname="Imans-MacBook-Air.local" ignored="3" name="SmokeTest" tests="2" failures="0" timestamp="16 Jun 2019 15:05:41 GMT" time="10.228" errors="0">
  <testcase name="loginToOrangeHRM" time="2.608" classname="com.syntax.testcases.LoginPageTest"/>
  <testcase name="userLogin" time="2.813" classname="com.syntax.testcases.LoginPageTest"/>
  <testcase name="negativeLogin" time="0.0" classname="com.syntax.testcases.LoginPageTest">
    <ignored/>
  </testcase> <!-- negativeLogin -->
  <testcase name="empLocation" time="0.0" classname="com.syntax.testcases.AddLocationTest">
    <ignored/>
  </testcase> <!-- empLocation -->
  <testcase name="addEmployee" time="0.0" classname="com.syntax.testcases.AddEmployeeTest">
    <ignored/>
  </testcase> <!-- addEmployee -->
</testsuite> <!-- SmokeTest -->
