<?xml version="1.0" encoding="UTF-8"?>
<!-- Generated by org.testng.reporters.JUnitXMLReporter -->
<testsuite hostname="Imans-MacBook-Air.local" ignored="0" name="Test" tests="4" failures="0" timestamp="16 Jun 2019 19:01:43 GMT" time="34.161" errors="0">
  <testcase name="empLocation" time="6.112" classname="com.syntax.testcases.AddLocationTest"/>
  <testcase name="empLocation" time="6.397" classname="com.syntax.testcases.AddLocationTest"/>
  <testcase name="empLocation" time="5.852" classname="com.syntax.testcases.AddLocationTest"/>
  <testcase name="empLocation" time="6.074" classname="com.syntax.testcases.AddLocationTest"/>
</testsuite> <!-- Test -->
