<?xml version="1.0" encoding="UTF-8"?>
<!-- Generated by org.testng.reporters.JUnitXMLReporter -->
<testsuite hostname="Imans-MacBook-Air.local" ignored="7" name="Smoke Test" tests="2" failures="1" timestamp="18 Jun 2019 23:02:53 GMT" time="14.131" errors="0">
  <testcase name="loginToOrangeHRM" time="4.028" classname="com.syntax.testcases.LoginPageTest"/>
  <testcase name="userLogin" time="2.632" classname="com.syntax.testcases.LoginPageTest">
    <failure type="java.lang.AssertionError" message="expected [true] but found [false]">
      <![CDATA[java.lang.AssertionError: expected [true] but found [false]
at com.syntax.testcases.LoginPageTest.userLogin(LoginPageTest.java:55)
... Removed 29 stack frames]]>
    </failure>
  </testcase> <!-- userLogin -->
  <testcase name="negativeLogin" time="0.0" classname="com.syntax.testcases.LoginPageTest">
    <ignored/>
  </testcase> <!-- negativeLogin -->
  <testcase name="@BeforeTest generateReport" time="0.0" classname="com.syntax.utils.BaseClass">
    <ignored/>
  </testcase> <!-- @BeforeTest generateReport -->
  <testcase name="@BeforeTest generateReport" time="0.0" classname="com.syntax.utils.BaseClass">
    <ignored/>
  </testcase> <!-- @BeforeTest generateReport -->
  <testcase name="@AfterTest flushReport" time="0.0" classname="com.syntax.utils.BaseClass">
    <ignored/>
  </testcase> <!-- @AfterTest flushReport -->
  <testcase name="@AfterTest flushReport" time="0.0" classname="com.syntax.utils.BaseClass">
    <ignored/>
  </testcase> <!-- @AfterTest flushReport -->
  <testcase name="empLocation" time="0.0" classname="com.syntax.testcases.AddLocationTest">
    <ignored/>
  </testcase> <!-- empLocation -->
  <testcase name="addEmployee" time="0.0" classname="com.syntax.testcases.AddEmployeeTest">
    <ignored/>
  </testcase> <!-- addEmployee -->
</testsuite> <!-- Smoke Test -->
