-------------------------------------------------------------------------------
Test set: TestSuite
-------------------------------------------------------------------------------
Tests run: 2, Failures: 1, Errors: 0, Skipped: 0, Time elapsed: 21.8 s <<< FAILURE! - in TestSuite
userLogin(com.syntax.testcases.LoginPageTest)  Time elapsed: 2.706 s  <<< FAILURE!
java.lang.AssertionError: expected [true] but found [false]
	at com.syntax.testcases.LoginPageTest.userLogin(LoginPageTest.java:55)

